<?xml version="1.0" encoding="UTF-8"?>
<testng-results skipped="0" failed="1" ignored="0" total="3" passed="2">
  <reporter-output>
  </reporter-output>
  <suite name="Default suite" duration-ms="47922" started-at="2019-12-02T16:30:04Z" finished-at="2019-12-02T16:30:52Z">
    <groups>
    </groups>
    <test name="Default test" duration-ms="47922" started-at="2019-12-02T16:30:04Z" finished-at="2019-12-02T16:30:52Z">
      <class name="com.qa.testcases.FreeCRMTestCases">
        <test-method status="PASS" signature="setup()[pri:0, instance:com.qa.testcases.FreeCRMTestCases@29774679]" name="setup" is-config="true" duration-ms="13995" started-at="2019-12-02T22:00:04Z" finished-at="2019-12-02T22:00:18Z">
          <reporter-output>
          </reporter-output>
        </test-method> <!-- setup -->
        <test-method status="PASS" signature="CRMLogoTest()[pri:1, instance:com.qa.testcases.FreeCRMTestCases@29774679]" name="CRMLogoTest" duration-ms="426" started-at="2019-12-02T22:00:18Z" finished-at="2019-12-02T22:00:18Z">
          <reporter-output>
          </reporter-output>
        </test-method> <!-- CRMLogoTest -->
        <test-method status="PASS" signature="teardown()[pri:0, instance:com.qa.testcases.FreeCRMTestCases@29774679]" name="teardown" is-config="true" duration-ms="709" started-at="2019-12-02T22:00:18Z" finished-at="2019-12-02T22:00:19Z">
          <reporter-output>
          </reporter-output>
        </test-method> <!-- teardown -->
        <test-method status="PASS" signature="setup()[pri:0, instance:com.qa.testcases.FreeCRMTestCases@29774679]" name="setup" is-config="true" duration-ms="8815" started-at="2019-12-02T22:00:19Z" finished-at="2019-12-02T22:00:28Z">
          <reporter-output>
          </reporter-output>
        </test-method> <!-- setup -->
        <test-method status="FAIL" signature="LoginPageTitleTest()[pri:2, instance:com.qa.testcases.FreeCRMTestCases@29774679]" name="LoginPageTitleTest" duration-ms="7" started-at="2019-12-02T22:00:28Z" finished-at="2019-12-02T22:00:28Z">
          <exception class="java.lang.AssertionError">
            <message>
              <![CDATA[expected [CRMPRO  - CRM software for customer relationship management, sales, and support] but found [CRMPRO - CRM software for customer relationship management, sales, and support.]]]>
            </message>
            <full-stacktrace>
              <![CDATA[java.lang.AssertionError: expected [CRMPRO  - CRM software for customer relationship management, sales, and support] but found [CRMPRO - CRM software for customer relationship management, sales, and support.]
	at org.testng.Assert.fail(Assert.java:93)
	at org.testng.Assert.failNotEquals(Assert.java:512)
	at org.testng.Assert.assertEqualsImpl(Assert.java:134)
	at org.testng.Assert.assertEquals(Assert.java:115)
	at org.testng.Assert.assertEquals(Assert.java:189)
	at org.testng.Assert.assertEquals(Assert.java:199)
	at com.qa.testcases.FreeCRMTestCases.LoginPageTitleTest(FreeCRMTestCases.java:38)
	at sun.reflect.NativeMethodAccessorImpl.invoke0(Native Method)
	at sun.reflect.NativeMethodAccessorImpl.invoke(Unknown Source)
	at sun.reflect.DelegatingMethodAccessorImpl.invoke(Unknown Source)
	at java.lang.reflect.Method.invoke(Unknown Source)
	at org.testng.internal.MethodInvocationHelper.invokeMethod(MethodInvocationHelper.java:108)
	at org.testng.internal.Invoker.invokeMethod(Invoker.java:661)
	at org.testng.internal.Invoker.invokeTestMethod(Invoker.java:869)
	at org.testng.internal.Invoker.invokeTestMethods(Invoker.java:1193)
	at org.testng.internal.TestMethodWorker.invokeTestMethods(TestMethodWorker.java:126)
	at org.testng.internal.TestMethodWorker.run(TestMethodWorker.java:109)
	at org.testng.TestRunner.privateRun(TestRunner.java:744)
	at org.testng.TestRunner.run(TestRunner.java:602)
	at org.testng.SuiteRunner.runTest(SuiteRunner.java:380)
	at org.testng.SuiteRunner.runSequentially(SuiteRunner.java:375)
	at org.testng.SuiteRunner.privateRun(SuiteRunner.java:340)
	at org.testng.SuiteRunner.run(SuiteRunner.java:289)
	at org.testng.SuiteRunnerWorker.runSuite(SuiteRunnerWorker.java:52)
	at org.testng.SuiteRunnerWorker.run(SuiteRunnerWorker.java:86)
	at org.testng.TestNG.runSuitesSequentially(TestNG.java:1301)
	at org.testng.TestNG.runSuitesLocally(TestNG.java:1226)
	at org.testng.TestNG.runSuites(TestNG.java:1144)
	at org.testng.TestNG.run(TestNG.java:1115)
	at org.testng.remote.AbstractRemoteTestNG.run(AbstractRemoteTestNG.java:132)
	at org.testng.remote.RemoteTestNG.initAndRun(RemoteTestNG.java:230)
	at org.testng.remote.RemoteTestNG.main(RemoteTestNG.java:76)
]]>
            </full-stacktrace>
          </exception> <!-- java.lang.AssertionError -->
          <reporter-output>
          </reporter-output>
        </test-method> <!-- LoginPageTitleTest -->
        <test-method status="PASS" signature="teardown()[pri:0, instance:com.qa.testcases.FreeCRMTestCases@29774679]" name="teardown" is-config="true" duration-ms="1045" started-at="2019-12-02T22:00:28Z" finished-at="2019-12-02T22:00:29Z">
          <reporter-output>
          </reporter-output>
        </test-method> <!-- teardown -->
        <test-method status="PASS" signature="setup()[pri:0, instance:com.qa.testcases.FreeCRMTestCases@29774679]" name="setup" is-config="true" duration-ms="8892" started-at="2019-12-02T22:00:29Z" finished-at="2019-12-02T22:00:38Z">
          <reporter-output>
          </reporter-output>
        </test-method> <!-- setup -->
        <test-method status="PASS" signature="LoginTest()[pri:3, instance:com.qa.testcases.FreeCRMTestCases@29774679]" name="LoginTest" duration-ms="12735" started-at="2019-12-02T22:00:38Z" finished-at="2019-12-02T22:00:50Z">
          <reporter-output>
          </reporter-output>
        </test-method> <!-- LoginTest -->
        <test-method status="PASS" signature="teardown()[pri:0, instance:com.qa.testcases.FreeCRMTestCases@29774679]" name="teardown" is-config="true" duration-ms="1270" started-at="2019-12-02T22:00:50Z" finished-at="2019-12-02T22:00:52Z">
          <reporter-output>
          </reporter-output>
        </test-method> <!-- teardown -->
      </class> <!-- com.qa.testcases.FreeCRMTestCases -->
    </test> <!-- Default test -->
  </suite> <!-- Default suite -->
</testng-results>
